<?xml version="1.0" encoding="UTF-8"?>
<!-- Generated by org.testng.reporters.JUnitReportReporter -->
<testsuite hostname="Dell" failures="0" tests="1" name="vTiger.OrganisationTests.CreateOrganizationTest" time="18.931" errors="0" timestamp="2022-12-19T18:14:12 IST" skipped="0">
  <testcase classname="vTiger.OrganisationTests.CreateOrganizationTest" name="createOrgnizationTest" time="18.931"/>
  <system-out/>
</testsuite> <!-- vTiger.OrganisationTests.CreateOrganizationTest -->
