<?xml version="1.0" encoding="UTF-8"?>
<!-- Generated by org.testng.reporters.JUnitReportReporter -->
<testsuite hostname="Dell" failures="0" tests="1" name="vTiger.Practise.ReadDataFromCmdline" time="0.008" errors="0" timestamp="2022-12-21T18:35:23 IST" skipped="0">
  <testcase classname="vTiger.Practise.ReadDataFromCmdline" name="readData" time="0.008"/>
  <system-out/>
</testsuite> <!-- vTiger.Practise.ReadDataFromCmdline -->
