<?xml version="1.0" encoding="UTF-8"?>
<!-- Generated by org.testng.reporters.JUnitReportReporter -->
<testsuite hostname="Dell" failures="0" tests="2" name="vTiger.Practise.TestNGAnnotationOrderPractise" time="0.006" errors="0" timestamp="2022-11-24T16:16:38 IST" skipped="0">
  <testcase classname="vTiger.Practise.TestNGAnnotationOrderPractise" name="test1" time="0.005"/>
  <system-out/>
  <testcase classname="vTiger.Practise.TestNGAnnotationOrderPractise" name="test2" time="0.001"/>
  <system-out/>
</testsuite> <!-- vTiger.Practise.TestNGAnnotationOrderPractise -->
