<?xml version="1.0" encoding="UTF-8"?>
<!-- Generated by org.testng.reporters.JUnitReportReporter -->
<testsuite hostname="Dell" failures="0" tests="1" name="vTiger.Practise.BaseClassPractise" time="0.002" errors="0" timestamp="2022-11-24T16:16:38 IST" skipped="0">
  <testcase classname="vTiger.Practise.BaseClassPractise" name="test" time="0.002"/>
  <system-out/>
</testsuite> <!-- vTiger.Practise.BaseClassPractise -->
