<?xml version="1.0" encoding="UTF-8"?>
<!-- Generated by org.testng.reporters.JUnitReportReporter -->
<testsuite hostname="Dell" failures="0" tests="5" name="vTiger.Practise.TestNGpractise" time="0.008" errors="0" timestamp="2022-11-24T13:37:31 IST" skipped="1">
  <testcase classname="vTiger.Practise.TestNGpractise" name="modifyUser" time="0.005"/>
  <system-out/>
  <testcase classname="vTiger.Practise.TestNGpractise" name="modifyUser" time="0.001"/>
  <system-out/>
  <testcase classname="vTiger.Practise.TestNGpractise" name="deleteUser" time="0.001"/>
  <system-out/>
  <testcase classname="vTiger.Practise.TestNGpractise" name="createUser" time="0.001"/>
  <system-out/>
  <testcase classname="vTiger.Practise.TestNGpractise" name="listofUser">
    <skipped/>
  </testcase> <!-- listofUser -->
  <system-out/>
</testsuite> <!-- vTiger.Practise.TestNGpractise -->
