<?xml version="1.0" encoding="UTF-8"?>
<!-- Generated by org.testng.reporters.JUnitReportReporter -->
<testsuite hostname="Dell" failures="0" tests="6" name="vTiger.Practise.DataProviderPractise" time="0.017" errors="0" timestamp="2022-11-23T16:14:06 IST" skipped="0">
  <testcase classname="vTiger.Practise.DataProviderPractise" name="dataProviderPractise" time="0.001"/>
  <system-out/>
  <testcase classname="vTiger.Practise.DataProviderPractise" name="dataProviderPractise" time="0.001"/>
  <system-out/>
  <testcase classname="vTiger.Practise.DataProviderPractise" name="dataProviderPractise2" time="0.001"/>
  <system-out/>
  <testcase classname="vTiger.Practise.DataProviderPractise" name="dataProviderPractise" time="0.011"/>
  <system-out/>
  <testcase classname="vTiger.Practise.DataProviderPractise" name="dataProviderPractise2" time="0.002"/>
  <system-out/>
  <testcase classname="vTiger.Practise.DataProviderPractise" name="dataProviderPractise2" time="0.001"/>
  <system-out/>
</testsuite> <!-- vTiger.Practise.DataProviderPractise -->
