<?xml version="1.0" encoding="UTF-8"?>
<!-- Generated by org.testng.reporters.JUnitReportReporter -->
<testsuite hostname="Dell" failures="0" tests="1" name="vTiger.ContactTests.CreateContactsWithOrganisationUsingDDTTest" time="52.121" errors="0" timestamp="2022-12-21T17:41:01 IST" skipped="0">
  <testcase classname="vTiger.ContactTests.CreateContactsWithOrganisationUsingDDTTest" name="createContactsWithOrgTest" time="52.121"/>
  <system-out>
    <![CDATA[organisation is clicked
create organisation lookup image is clicked
organisation is createdInfosys85
contacts link is clicked
create contacts lookup image is clicked
new contacts with organization is createdRay]]>
  </system-out>
</testsuite> <!-- vTiger.ContactTests.CreateContactsWithOrganisationUsingDDTTest -->
