<?xml version="1.0" encoding="UTF-8"?>
<!-- Generated by org.testng.reporters.JUnitReportReporter -->
<testsuite hostname="Dell" failures="0" tests="1" name="vTiger.OrganisationTests.CreateOrganisationUsingDDT" time="10.769" errors="0" timestamp="2022-12-10T21:09:45 IST" skipped="0">
  <testcase classname="vTiger.OrganisationTests.CreateOrganisationUsingDDT" name="createOrgUsingDDTTest" time="10.769"/>
  <system-out>
    <![CDATA[organisation link is clicked
create organisation lookup image is clicked
new organisation is created]]>
  </system-out>
</testsuite> <!-- vTiger.OrganisationTests.CreateOrganisationUsingDDT -->
